# JRE version: Java(TM) SE Runtime Environment (21.0.7+8) (build 21.0.7+8-LTS-245)
# Java VM: Java HotSpot(TM) 64-Bit Server VM (21.0.7+8-LTS-245, mixed mode, sharing, tiered, compressed oops, compressed class ptrs, parallel gc, windows-amd64)
GC Precious Log:
 CardTable entry size: 512
 CPUs: 8 total, 8 available
 Memory: 16057M
 Large Page Support: Disabled
 NUMA Support: Disabled
 Compressed Oops: Enabled (32-bit)
 Alignments: Space 512K, Generation 512K, Heap 2M
 Heap Min Capacity: 100M
 Heap Initial Capacity: 100M
 Heap Max Capacity: 1G
 Pre-touch: Disabled
 Parallel Workers: 8
Heap:
 PSYoungGen      total 9216K, used 2025K [0x00000000eab00000, 0x00000000eb600000, 0x0000000100000000)
  eden space 7168K, 0% used [0x00000000eab00000,0x00000000eab00000,0x00000000eb200000)
  from space 2048K, 98% used [0x00000000eb200000,0x00000000eb3fa480,0x00000000eb400000)
  to   space 2048K, 0% used [0x00000000eb400000,0x00000000eb400000,0x00000000eb600000)
 ParOldGen       total 153088K, used 128918K [0x00000000c0000000, 0x00000000c9580000, 0x00000000eab00000)
  object space 153088K, 84% used [0x00000000c0000000,0x00000000c7de5808,0x00000000c9580000)
 Metaspace       used 60566K, committed 61888K, reserved 1114112K
  class space    used 6190K, committed 6784K, reserved 1048576K
GC Heap History (20 events):
Event: 8.389 GC heap after
{Heap after GC invocations=79 (full 5):
 PSYoungGen      total 10752K, used 2002K [0x00000000eab00000, 0x00000000eb900000, 0x0000000100000000)
  eden space 8704K, 0% used [0x00000000eab00000,0x00000000eab00000,0x00000000eb380000)
  from space 2048K, 97% used [0x00000000eb400000,0x00000000eb5f49d0,0x00000000eb600000)
  to   space 2560K, 0% used [0x00000000eb680000,0x00000000eb680000,0x00000000eb900000)
 ParOldGen       total 140800K, used 130584K [0x00000000c0000000, 0x00000000c8980000, 0x00000000eab00000)
  object space 140800K, 92% used [0x00000000c0000000,0x00000000c7f86340,0x00000000c8980000)
 Metaspace       used 60221K, committed 61504K, reserved 1114112K
  class space    used 6156K, committed 6720K, reserved 1048576K
}
Event: 8.403 GC heap before
{Heap before GC invocations=80 (full 5):
 PSYoungGen      total 10752K, used 10706K [0x00000000eab00000, 0x00000000eb900000, 0x0000000100000000)
  eden space 8704K, 100% used [0x00000000eab00000,0x00000000eb380000,0x00000000eb380000)
  from space 2048K, 97% used [0x00000000eb400000,0x00000000eb5f49d0,0x00000000eb600000)
  to   space 2560K, 0% used [0x00000000eb680000,0x00000000eb680000,0x00000000eb900000)
 ParOldGen       total 140800K, used 130584K [0x00000000c0000000, 0x00000000c8980000, 0x00000000eab00000)
  object space 140800K, 92% used [0x00000000c0000000,0x00000000c7f86340,0x00000000c8980000)
 Metaspace       used 60230K, committed 61504K, reserved 1114112K
  class space    used 6156K, committed 6720K, reserved 1048576K
}
Event: 8.404 GC heap after
{Heap after GC invocations=80 (full 5):
 PSYoungGen      total 10752K, used 1558K [0x00000000eab00000, 0x00000000eb880000, 0x0000000100000000)
  eden space 8704K, 0% used [0x00000000eab00000,0x00000000eab00000,0x00000000eb380000)
  from space 2048K, 76% used [0x00000000eb680000,0x00000000eb805b30,0x00000000eb880000)
  to   space 2048K, 0% used [0x00000000eb400000,0x00000000eb400000,0x00000000eb600000)
 ParOldGen       total 140800K, used 132440K [0x00000000c0000000, 0x00000000c8980000, 0x00000000eab00000)
  object space 140800K, 94% used [0x00000000c0000000,0x00000000c81560d0,0x00000000c8980000)
 Metaspace       used 60230K, committed 61504K, reserved 1114112K
  class space    used 6156K, committed 6720K, reserved 1048576K
}
Event: 8.417 GC heap before
{Heap before GC invocations=81 (full 5):
 PSYoungGen      total 10752K, used 10260K [0x00000000eab00000, 0x00000000eb880000, 0x0000000100000000)
  eden space 8704K, 99% used [0x00000000eab00000,0x00000000eb37f6a8,0x00000000eb380000)
  from space 2048K, 76% used [0x00000000eb680000,0x00000000eb805b30,0x00000000eb880000)
  to   space 2048K, 0% used [0x00000000eb400000,0x00000000eb400000,0x00000000eb600000)
 ParOldGen       total 140800K, used 132440K [0x00000000c0000000, 0x00000000c8980000, 0x00000000eab00000)
  object space 140800K, 94% used [0x00000000c0000000,0x00000000c81560d0,0x00000000c8980000)
 Metaspace       used 60234K, committed 61504K, reserved 1114112K
  class space    used 6156K, committed 6720K, reserved 1048576K
}
Event: 8.419 GC heap after
{Heap after GC invocations=81 (full 5):
 PSYoungGen      total 10240K, used 1441K [0x00000000eab00000, 0x00000000eb700000, 0x0000000100000000)
  eden space 8704K, 0% used [0x00000000eab00000,0x00000000eab00000,0x00000000eb380000)
  from space 1536K, 93% used [0x00000000eb400000,0x00000000eb568558,0x00000000eb580000)
  to   space 1536K, 0% used [0x00000000eb580000,0x00000000eb580000,0x00000000eb700000)
 ParOldGen       total 140800K, used 133785K [0x00000000c0000000, 0x00000000c8980000, 0x00000000eab00000)
  object space 140800K, 95% used [0x00000000c0000000,0x00000000c82a6610,0x00000000c8980000)
 Metaspace       used 60234K, committed 61504K, reserved 1114112K
  class space    used 6156K, committed 6720K, reserved 1048576K
}
Event: 8.436 GC heap before
{Heap before GC invocations=82 (full 5):
 PSYoungGen      total 10240K, used 10145K [0x00000000eab00000, 0x00000000eb700000, 0x0000000100000000)
  eden space 8704K, 100% used [0x00000000eab00000,0x00000000eb380000,0x00000000eb380000)
  from space 1536K, 93% used [0x00000000eb400000,0x00000000eb568558,0x00000000eb580000)
  to   space 1536K, 0% used [0x00000000eb580000,0x00000000eb580000,0x00000000eb700000)
 ParOldGen       total 140800K, used 133785K [0x00000000c0000000, 0x00000000c8980000, 0x00000000eab00000)
  object space 140800K, 95% used [0x00000000c0000000,0x00000000c82a6610,0x00000000c8980000)
 Metaspace       used 60249K, committed 61504K, reserved 1114112K
  class space    used 6156K, committed 6720K, reserved 1048576K
}
Event: 8.437 GC heap after
{Heap after GC invocations=82 (full 5):
 PSYoungGen      total 8704K, used 1524K [0x00000000eab00000, 0x00000000eba80000, 0x0000000100000000)
  eden space 7168K, 0% used [0x00000000eab00000,0x00000000eab00000,0x00000000eb200000)
  from space 1536K, 99% used [0x00000000eb580000,0x00000000eb6fd168,0x00000000eb700000)
  to   space 3584K, 0% used [0x00000000eb200000,0x00000000eb200000,0x00000000eb580000)
 ParOldGen       total 140800K, used 135127K [0x00000000c0000000, 0x00000000c8980000, 0x00000000eab00000)
  object space 140800K, 95% used [0x00000000c0000000,0x00000000c83f5c28,0x00000000c8980000)
 Metaspace       used 60249K, committed 61504K, reserved 1114112K
  class space    used 6156K, committed 6720K, reserved 1048576K
}
Event: 8.449 GC heap before
{Heap before GC invocations=83 (full 5):
 PSYoungGen      total 8704K, used 8691K [0x00000000eab00000, 0x00000000eba80000, 0x0000000100000000)
  eden space 7168K, 99% used [0x00000000eab00000,0x00000000eb1ffb78,0x00000000eb200000)
  from space 1536K, 99% used [0x00000000eb580000,0x00000000eb6fd168,0x00000000eb700000)
  to   space 3584K, 0% used [0x00000000eb200000,0x00000000eb200000,0x00000000eb580000)
 ParOldGen       total 140800K, used 135127K [0x00000000c0000000, 0x00000000c8980000, 0x00000000eab00000)
  object space 140800K, 95% used [0x00000000c0000000,0x00000000c83f5c28,0x00000000c8980000)
 Metaspace       used 60268K, committed 61568K, reserved 1114112K
  class space    used 6156K, committed 6720K, reserved 1048576K
}
Event: 8.452 GC heap after
{Heap after GC invocations=83 (full 5):
 PSYoungGen      total 8704K, used 1246K [0x00000000eab00000, 0x00000000eb600000, 0x0000000100000000)
  eden space 7168K, 0% used [0x00000000eab00000,0x00000000eab00000,0x00000000eb200000)
  from space 1536K, 81% used [0x00000000eb200000,0x00000000eb337aa8,0x00000000eb380000)
  to   space 2048K, 0% used [0x00000000eb400000,0x00000000eb400000,0x00000000eb600000)
 ParOldGen       total 140800K, used 136596K [0x00000000c0000000, 0x00000000c8980000, 0x00000000eab00000)
  object space 140800K, 97% used [0x00000000c0000000,0x00000000c85651d0,0x00000000c8980000)
 Metaspace       used 60268K, committed 61568K, reserved 1114112K
  class space    used 6156K, committed 6720K, reserved 1048576K
}
Event: 8.464 GC heap before
{Heap before GC invocations=84 (full 5):
 PSYoungGen      total 8704K, used 8414K [0x00000000eab00000, 0x00000000eb600000, 0x0000000100000000)
  eden space 7168K, 100% used [0x00000000eab00000,0x00000000eb200000,0x00000000eb200000)
  from space 1536K, 81% used [0x00000000eb200000,0x00000000eb337aa8,0x00000000eb380000)
  to   space 2048K, 0% used [0x00000000eb400000,0x00000000eb400000,0x00000000eb600000)
 ParOldGen       total 140800K, used 136596K [0x00000000c0000000, 0x00000000c8980000, 0x00000000eab00000)
  object space 140800K, 97% used [0x00000000c0000000,0x00000000c85651d0,0x00000000c8980000)
 Metaspace       used 60291K, committed 61632K, reserved 1114112K
  class space    used 6162K, committed 6784K, reserved 1048576K
}
Event: 8.465 GC heap after
{Heap after GC invocations=84 (full 5):
 PSYoungGen      total 9216K, used 1534K [0x00000000eab00000, 0x00000000eb600000, 0x0000000100000000)
  eden space 7168K, 0% used [0x00000000eab00000,0x00000000eab00000,0x00000000eb200000)
  from space 2048K, 74% used [0x00000000eb400000,0x00000000eb57fac8,0x00000000eb600000)
  to   space 2048K, 0% used [0x00000000eb200000,0x00000000eb200000,0x00000000eb400000)
 ParOldGen       total 140800K, used 137743K [0x00000000c0000000, 0x00000000c8980000, 0x00000000eab00000)
  object space 140800K, 97% used [0x00000000c0000000,0x00000000c8683e20,0x00000000c8980000)
 Metaspace       used 60291K, committed 61632K, reserved 1114112K
  class space    used 6162K, committed 6784K, reserved 1048576K
}
Event: 8.501 GC heap before
{Heap before GC invocations=85 (full 5):
 PSYoungGen      total 9216K, used 8702K [0x00000000eab00000, 0x00000000eb600000, 0x0000000100000000)
  eden space 7168K, 100% used [0x00000000eab00000,0x00000000eb200000,0x00000000eb200000)
  from space 2048K, 74% used [0x00000000eb400000,0x00000000eb57fac8,0x00000000eb600000)
  to   space 2048K, 0% used [0x00000000eb200000,0x00000000eb200000,0x00000000eb400000)
 ParOldGen       total 140800K, used 137743K [0x00000000c0000000, 0x00000000c8980000, 0x00000000eab00000)
  object space 140800K, 97% used [0x00000000c0000000,0x00000000c8683e20,0x00000000c8980000)
 Metaspace       used 60348K, committed 61696K, reserved 1114112K
  class space    used 6170K, committed 6784K, reserved 1048576K
}
Event: 8.503 GC heap after
{Heap after GC invocations=85 (full 5):
 PSYoungGen      total 9216K, used 1573K [0x00000000eab00000, 0x00000000eb600000, 0x0000000100000000)
  eden space 7168K, 0% used [0x00000000eab00000,0x00000000eab00000,0x00000000eb200000)
  from space 2048K, 76% used [0x00000000eb200000,0x00000000eb389760,0x00000000eb400000)
  to   space 2048K, 0% used [0x00000000eb400000,0x00000000eb400000,0x00000000eb600000)
 ParOldGen       total 140800K, used 139132K [0x00000000c0000000, 0x00000000c8980000, 0x00000000eab00000)
  object space 140800K, 98% used [0x00000000c0000000,0x00000000c87df078,0x00000000c8980000)
 Metaspace       used 60348K, committed 61696K, reserved 1114112K
  class space    used 6170K, committed 6784K, reserved 1048576K
}
Event: 8.539 GC heap before
{Heap before GC invocations=86 (full 5):
 PSYoungGen      total 9216K, used 8741K [0x00000000eab00000, 0x00000000eb600000, 0x0000000100000000)
  eden space 7168K, 100% used [0x00000000eab00000,0x00000000eb200000,0x00000000eb200000)
  from space 2048K, 76% used [0x00000000eb200000,0x00000000eb389760,0x00000000eb400000)
  to   space 2048K, 0% used [0x00000000eb400000,0x00000000eb400000,0x00000000eb600000)
 ParOldGen       total 140800K, used 139132K [0x00000000c0000000, 0x00000000c8980000, 0x00000000eab00000)
  object space 140800K, 98% used [0x00000000c0000000,0x00000000c87df078,0x00000000c8980000)
 Metaspace       used 60424K, committed 61760K, reserved 1114112K
  class space    used 6176K, committed 6784K, reserved 1048576K
}
Event: 8.540 GC heap after
{Heap after GC invocations=86 (full 5):
 PSYoungGen      total 9216K, used 1659K [0x00000000eab00000, 0x00000000eb600000, 0x0000000100000000)
  eden space 7168K, 0% used [0x00000000eab00000,0x00000000eab00000,0x00000000eb200000)
  from space 2048K, 81% used [0x00000000eb400000,0x00000000eb59ed58,0x00000000eb600000)
  to   space 2048K, 0% used [0x00000000eb200000,0x00000000eb200000,0x00000000eb400000)
 ParOldGen       total 140800K, used 140513K [0x00000000c0000000, 0x00000000c8980000, 0x00000000eab00000)
  object space 140800K, 99% used [0x00000000c0000000,0x00000000c8938608,0x00000000c8980000)
 Metaspace       used 60424K, committed 61760K, reserved 1114112K
  class space    used 6176K, committed 6784K, reserved 1048576K
}
Event: 8.540 GC heap before
{Heap before GC invocations=87 (full 6):
 PSYoungGen      total 9216K, used 1659K [0x00000000eab00000, 0x00000000eb600000, 0x0000000100000000)
  eden space 7168K, 0% used [0x00000000eab00000,0x00000000eab00000,0x00000000eb200000)
  from space 2048K, 81% used [0x00000000eb400000,0x00000000eb59ed58,0x00000000eb600000)
  to   space 2048K, 0% used [0x00000000eb200000,0x00000000eb200000,0x00000000eb400000)
 ParOldGen       total 140800K, used 140513K [0x00000000c0000000, 0x00000000c8980000, 0x00000000eab00000)
  object space 140800K, 99% used [0x00000000c0000000,0x00000000c8938608,0x00000000c8980000)
 Metaspace       used 60424K, committed 61760K, reserved 1114112K
  class space    used 6176K, committed 6784K, reserved 1048576K
}
Event: 8.609 GC heap after
{Heap after GC invocations=87 (full 6):
 PSYoungGen      total 9216K, used 0K [0x00000000eab00000, 0x00000000eb600000, 0x0000000100000000)
  eden space 7168K, 0% used [0x00000000eab00000,0x00000000eab00000,0x00000000eb200000)
  from space 2048K, 0% used [0x00000000eb200000,0x00000000eb200000,0x00000000eb400000)
  to   space 2048K, 0% used [0x00000000eb400000,0x00000000eb400000,0x00000000eb600000)
 ParOldGen       total 153088K, used 127641K [0x00000000c0000000, 0x00000000c9580000, 0x00000000eab00000)
  object space 153088K, 83% used [0x00000000c0000000,0x00000000c7ca67d8,0x00000000c9580000)
 Metaspace       used 60424K, committed 61760K, reserved 1114112K
  class space    used 6176K, committed 6784K, reserved 1048576K
}
Event: 8.627 GC heap before
{Heap before GC invocations=88 (full 6):
 PSYoungGen      total 9216K, used 7166K [0x00000000eab00000, 0x00000000eb600000, 0x0000000100000000)
  eden space 7168K, 99% used [0x00000000eab00000,0x00000000eb1ff9f8,0x00000000eb200000)
  from space 2048K, 0% used [0x00000000eb200000,0x00000000eb200000,0x00000000eb400000)
  to   space 2048K, 0% used [0x00000000eb400000,0x00000000eb400000,0x00000000eb600000)
 ParOldGen       total 153088K, used 127641K [0x00000000c0000000, 0x00000000c9580000, 0x00000000eab00000)
  object space 153088K, 83% used [0x00000000c0000000,0x00000000c7ca67d8,0x00000000c9580000)
 Metaspace       used 60472K, committed 61824K, reserved 1114112K
  class space    used 6181K, committed 6784K, reserved 1048576K
}
Event: 8.628 GC heap after
{Heap after GC invocations=88 (full 6):
 PSYoungGen      total 9216K, used 1707K [0x00000000eab00000, 0x00000000eb600000, 0x0000000100000000)
  eden space 7168K, 0% used [0x00000000eab00000,0x00000000eab00000,0x00000000eb200000)
  from space 2048K, 83% used [0x00000000eb400000,0x00000000eb5aad40,0x00000000eb600000)
  to   space 2048K, 0% used [0x00000000eb200000,0x00000000eb200000,0x00000000eb400000)
 ParOldGen       total 153088K, used 127641K [0x00000000c0000000, 0x00000000c9580000, 0x00000000eab00000)
  object space 153088K, 83% used [0x00000000c0000000,0x00000000c7ca67d8,0x00000000c9580000)
 Metaspace       used 60472K, committed 61824K, reserved 1114112K
  class space    used 6181K, committed 6784K, reserved 1048576K
}
Event: 8.641 GC heap before
{Heap before GC invocations=89 (full 6):
 PSYoungGen      total 9216K, used 8875K [0x00000000eab00000, 0x00000000eb600000, 0x0000000100000000)
  eden space 7168K, 100% used [0x00000000eab00000,0x00000000eb200000,0x00000000eb200000)
  from space 2048K, 83% used [0x00000000eb400000,0x00000000eb5aad40,0x00000000eb600000)
  to   space 2048K, 0% used [0x00000000eb200000,0x00000000eb200000,0x00000000eb400000)
 ParOldGen       total 153088K, used 127641K [0x00000000c0000000, 0x00000000c9580000, 0x00000000eab00000)
  object space 153088K, 83% used [0x00000000c0000000,0x00000000c7ca67d8,0x00000000c9580000)
 Metaspace       used 60566K, committed 61888K, reserved 1114112K
  class space    used 6190K, committed 6784K, reserved 1048576K
}

